debug: Thu, 18 Apr 2024 02:00:40 GMT
debug: Project: D:\MyCoding\Cosos\coinGame
debug: Targets: editor,preview
debug: Incremental file seems great.
debug: Engine path: D:\ProgramData\cocos\editors\Creator\3.8.0\resources\resources\3d\engine
debug: Initializing target [Editor]
debug: Loading cache
debug: Loading cache costs 5.074299999978393ms.
debug: Engine features shipped in editor: base,gfx-webgl,gfx-webgl2,gfx-empty,3d,animation,skeletal-animation,2d,ui,particle,particle-2d,physics-framework,physics-2d-framework,intersection-2d,primitive,profiler,occlusion-query,geometry-renderer,debug-renderer,audio,video,xr,light-probe,terrain,webview,tween,tiled-map,spine,dragon-bones,marionette,procedural-animation,custom-pipeline,websocket,websocket-server
debug: Our import map(foo:/bar): {
  "imports": {
    "cc": "cce:/internal/x/cc"
  }
}
debug: Initializing target [Preview]
debug: Loading cache
debug: Loading cache costs 8.813000000081956ms.
debug: Our import map(foo:/bar): {
  "imports": {
    "cc": "cce:/internal/x/cc"
  }
}
debug: Sync engine features: 2d,3d,animation,audio,base,gfx-webgl,primitive,profiler,skeletal-animation,tween,ui
debug: Reset databases. Enumerated domains: [
  {
    "root": "db://internal/",
    "physical": "D:\\ProgramData\\cocos\\editors\\Creator\\3.8.0\\resources\\resources\\3d\\engine\\editor\\assets"
  },
  {
    "root": "db://assets/",
    "physical": "D:\\MyCoding\\Cosos\\coinGame\\assets"
  }
]
debug: Our import map(foo:/bar): {
  "imports": {
    "cc": "cce:/internal/x/cc",
    "db://internal/": "file:///D:/ProgramData/cocos/editors/Creator/3.8.0/resources/resources/3d/engine/editor/assets/",
    "db://assets/": "file:///D:/MyCoding/Cosos/coinGame/assets/"
  }
}
debug: Our import map(foo:/bar): {
  "imports": {
    "cc": "cce:/internal/x/cc",
    "db://internal/": "file:///D:/ProgramData/cocos/editors/Creator/3.8.0/resources/resources/3d/engine/editor/assets/",
    "db://assets/": "file:///D:/MyCoding/Cosos/coinGame/assets/"
  }
}
debug: Pulling asset-db.
debug: Fetch asset-db cost: 42.14849999989383ms.
debug: Build iteration starts.
Number of accumulated asset changes: 23
Feature changed: false
debug: Target(editor) build started.
debug: Detected change: cce:/internal/x/cc. Last mtime: Thu Jan 01 1970 08:00:11 GMT+0800 (香港标准时间), Current mtime: Thu Jan 01 1970 08:00:17 GMT+0800 (香港标准时间)
debug: Inspect cce:/internal/x/cc
debug: Resolve cce:/internal/x/cc-fu/base from cce:/internal/x/cc as external dependency cce:/internal/x/cc-fu/base.
debug: Resolve cce:/internal/x/cc-fu/gfx-webgl from cce:/internal/x/cc as external dependency cce:/internal/x/cc-fu/gfx-webgl.
debug: Resolve cce:/internal/x/cc-fu/gfx-webgl2 from cce:/internal/x/cc as external dependency cce:/internal/x/cc-fu/gfx-webgl2.
debug: Resolve cce:/internal/x/cc-fu/gfx-empty from cce:/internal/x/cc as external dependency cce:/internal/x/cc-fu/gfx-empty.
debug: Resolve cce:/internal/x/cc-fu/3d from cce:/internal/x/cc as external dependency cce:/internal/x/cc-fu/3d.
debug: Resolve cce:/internal/x/cc-fu/animation from cce:/internal/x/cc as external dependency cce:/internal/x/cc-fu/animation.
debug: Resolve cce:/internal/x/cc-fu/skeletal-animation from cce:/internal/x/cc as external dependency cce:/internal/x/cc-fu/skeletal-animation.
debug: Resolve cce:/internal/x/cc-fu/2d from cce:/internal/x/cc as external dependency cce:/internal/x/cc-fu/2d.
debug: Resolve cce:/internal/x/cc-fu/sorting from cce:/internal/x/cc as external dependency cce:/internal/x/cc-fu/sorting.
debug: Resolve cce:/internal/x/cc-fu/ui from cce:/internal/x/cc as external dependency cce:/internal/x/cc-fu/ui.
debug: Resolve cce:/internal/x/cc-fu/particle from cce:/internal/x/cc as external dependency cce:/internal/x/cc-fu/particle.
debug: Resolve cce:/internal/x/cc-fu/particle-2d from cce:/internal/x/cc as external dependency cce:/internal/x/cc-fu/particle-2d.
debug: Resolve cce:/internal/x/cc-fu/physics-framework from cce:/internal/x/cc as external dependency cce:/internal/x/cc-fu/physics-framework.
debug: Resolve cce:/internal/x/cc-fu/physics-2d-framework from cce:/internal/x/cc as external dependency cce:/internal/x/cc-fu/physics-2d-framework.
debug: Resolve cce:/internal/x/cc-fu/intersection-2d from cce:/internal/x/cc as external dependency cce:/internal/x/cc-fu/intersection-2d.
debug: Resolve cce:/internal/x/cc-fu/primitive from cce:/internal/x/cc as external dependency cce:/internal/x/cc-fu/primitive.
debug: Resolve cce:/internal/x/cc-fu/profiler from cce:/internal/x/cc as external dependency cce:/internal/x/cc-fu/profiler.
debug: Resolve cce:/internal/x/cc-fu/geometry-renderer from cce:/internal/x/cc as external dependency cce:/internal/x/cc-fu/geometry-renderer.
debug: Resolve cce:/internal/x/cc-fu/audio from cce:/internal/x/cc as external dependency cce:/internal/x/cc-fu/audio.
debug: Resolve cce:/internal/x/cc-fu/video from cce:/internal/x/cc as external dependency cce:/internal/x/cc-fu/video.
debug: Resolve cce:/internal/x/cc-fu/xr from cce:/internal/x/cc as external dependency cce:/internal/x/cc-fu/xr.
debug: Resolve cce:/internal/x/cc-fu/light-probe from cce:/internal/x/cc as external dependency cce:/internal/x/cc-fu/light-probe.
debug: Resolve cce:/internal/x/cc-fu/terrain from cce:/internal/x/cc as external dependency cce:/internal/x/cc-fu/terrain.
debug: Resolve cce:/internal/x/cc-fu/webview from cce:/internal/x/cc as external dependency cce:/internal/x/cc-fu/webview.
debug: Resolve cce:/internal/x/cc-fu/tween from cce:/internal/x/cc as external dependency cce:/internal/x/cc-fu/tween.
debug: Resolve cce:/internal/x/cc-fu/tiled-map from cce:/internal/x/cc as external dependency cce:/internal/x/cc-fu/tiled-map.
debug: Resolve cce:/internal/x/cc-fu/spine from cce:/internal/x/cc as external dependency cce:/internal/x/cc-fu/spine.
debug: Resolve cce:/internal/x/cc-fu/dragon-bones from cce:/internal/x/cc as external dependency cce:/internal/x/cc-fu/dragon-bones.
debug: Resolve cce:/internal/x/cc-fu/custom-pipeline from cce:/internal/x/cc as external dependency cce:/internal/x/cc-fu/custom-pipeline.
debug: Detected change: cce:/internal/x/prerequisite-imports. Last mtime: Thu Jan 01 1970 08:00:18 GMT+0800 (香港标准时间), Current mtime: Thu Jan 01 1970 08:00:26 GMT+0800 (香港标准时间)
debug: Inspect cce:/internal/x/prerequisite-imports
debug: Resolve file:///D:/MyCoding/Cosos/coinGame/assets/scripts/LoadCtrl.ts from cce:/internal/x/prerequisite-imports as file:///D:/MyCoding/Cosos/coinGame/assets/scripts/LoadCtrl.ts.
debug: Resolve cce:/internal/code-quality/cr.mjs from file:///D:/MyCoding/Cosos/coinGame/assets/scripts/LoadCtrl.ts as cce:/internal/code-quality/cr.mjs.
debug: Detected change: cce:/internal/code-quality/cr.mjs. Last mtime: Thu Apr 18 2024 08:59:10 GMT+0800 (香港标准时间), Current mtime: Thu Apr 18 2024 10:00:23 GMT+0800 (香港标准时间)
debug: Inspect cce:/internal/code-quality/cr.mjs
debug: Resolve cc from file:///D:/MyCoding/Cosos/coinGame/assets/scripts/LoadCtrl.ts as cce:/internal/x/cc.
debug: Resolve cc from file:///D:/MyCoding/Cosos/coinGame/assets/scripts/LoadCtrl.ts as cce:/internal/x/cc.
debug: Resolve cc from file:///D:/MyCoding/Cosos/coinGame/assets/scripts/LoadCtrl.ts as cce:/internal/x/cc.
debug: Resolve ./Main from file:///D:/MyCoding/Cosos/coinGame/assets/scripts/LoadCtrl.ts as file:///D:/MyCoding/Cosos/coinGame/assets/scripts/Main.ts.
debug: Resolve cce:/internal/code-quality/cr.mjs from file:///D:/MyCoding/Cosos/coinGame/assets/scripts/Main.ts as cce:/internal/code-quality/cr.mjs.
debug: Resolve cc from file:///D:/MyCoding/Cosos/coinGame/assets/scripts/Main.ts as cce:/internal/x/cc.
debug: Resolve cc from file:///D:/MyCoding/Cosos/coinGame/assets/scripts/Main.ts as cce:/internal/x/cc.
debug: Resolve cc from file:///D:/MyCoding/Cosos/coinGame/assets/scripts/Main.ts as cce:/internal/x/cc.
debug: Resolve ./frame/FrameCore from file:///D:/MyCoding/Cosos/coinGame/assets/scripts/Main.ts as file:///D:/MyCoding/Cosos/coinGame/assets/scripts/frame/FrameCore.ts.
debug: Resolve cce:/internal/code-quality/cr.mjs from file:///D:/MyCoding/Cosos/coinGame/assets/scripts/frame/FrameCore.ts as cce:/internal/code-quality/cr.mjs.
debug: Resolve cc from file:///D:/MyCoding/Cosos/coinGame/assets/scripts/frame/FrameCore.ts as cce:/internal/x/cc.
debug: Resolve cc from file:///D:/MyCoding/Cosos/coinGame/assets/scripts/frame/FrameCore.ts as cce:/internal/x/cc.
debug: Resolve ./input/InputCtrl from file:///D:/MyCoding/Cosos/coinGame/assets/scripts/frame/FrameCore.ts as file:///D:/MyCoding/Cosos/coinGame/assets/scripts/frame/input/InputCtrl.ts.
debug: Resolve cc from file:///D:/MyCoding/Cosos/coinGame/assets/scripts/frame/input/InputCtrl.ts as cce:/internal/x/cc.
debug: Resolve cc from file:///D:/MyCoding/Cosos/coinGame/assets/scripts/frame/input/InputCtrl.ts as cce:/internal/x/cc.
debug: Resolve cc from file:///D:/MyCoding/Cosos/coinGame/assets/scripts/frame/input/InputCtrl.ts as cce:/internal/x/cc.
debug: Resolve ./managers/ResMgr from file:///D:/MyCoding/Cosos/coinGame/assets/scripts/frame/FrameCore.ts as file:///D:/MyCoding/Cosos/coinGame/assets/scripts/frame/managers/ResMgr.ts.
debug: Resolve cce:/internal/code-quality/cr.mjs from file:///D:/MyCoding/Cosos/coinGame/assets/scripts/frame/managers/ResMgr.ts as cce:/internal/code-quality/cr.mjs.
debug: Resolve cc from file:///D:/MyCoding/Cosos/coinGame/assets/scripts/frame/managers/ResMgr.ts as cce:/internal/x/cc.
debug: Resolve cc from file:///D:/MyCoding/Cosos/coinGame/assets/scripts/frame/managers/ResMgr.ts as cce:/internal/x/cc.
debug: Resolve cc from file:///D:/MyCoding/Cosos/coinGame/assets/scripts/frame/managers/ResMgr.ts as cce:/internal/x/cc.
debug: Resolve ../Enums from file:///D:/MyCoding/Cosos/coinGame/assets/scripts/frame/managers/ResMgr.ts as file:///D:/MyCoding/Cosos/coinGame/assets/scripts/frame/Enums.ts.
debug: Resolve cc from file:///D:/MyCoding/Cosos/coinGame/assets/scripts/frame/Enums.ts as cce:/internal/x/cc.
debug: Resolve cc from file:///D:/MyCoding/Cosos/coinGame/assets/scripts/frame/Enums.ts as cce:/internal/x/cc.
debug: Resolve cc from file:///D:/MyCoding/Cosos/coinGame/assets/scripts/frame/Enums.ts as cce:/internal/x/cc.
debug: Resolve ../Globals from file:///D:/MyCoding/Cosos/coinGame/assets/scripts/frame/managers/ResMgr.ts as file:///D:/MyCoding/Cosos/coinGame/assets/scripts/frame/Globals.ts.
debug: Resolve cc from file:///D:/MyCoding/Cosos/coinGame/assets/scripts/frame/Globals.ts as cce:/internal/x/cc.
debug: Resolve cc from file:///D:/MyCoding/Cosos/coinGame/assets/scripts/frame/Globals.ts as cce:/internal/x/cc.
debug: Resolve ./managers/SoundMgr from file:///D:/MyCoding/Cosos/coinGame/assets/scripts/frame/FrameCore.ts as file:///D:/MyCoding/Cosos/coinGame/assets/scripts/frame/managers/SoundMgr.ts.
debug: Resolve cce:/internal/code-quality/cr.mjs from file:///D:/MyCoding/Cosos/coinGame/assets/scripts/frame/managers/SoundMgr.ts as cce:/internal/code-quality/cr.mjs.
debug: Resolve cc from file:///D:/MyCoding/Cosos/coinGame/assets/scripts/frame/managers/SoundMgr.ts as cce:/internal/x/cc.
debug: Resolve cc from file:///D:/MyCoding/Cosos/coinGame/assets/scripts/frame/managers/SoundMgr.ts as cce:/internal/x/cc.
debug: Resolve cc from file:///D:/MyCoding/Cosos/coinGame/assets/scripts/frame/managers/SoundMgr.ts as cce:/internal/x/cc.
debug: Resolve ./ResMgr from file:///D:/MyCoding/Cosos/coinGame/assets/scripts/frame/managers/SoundMgr.ts as file:///D:/MyCoding/Cosos/coinGame/assets/scripts/frame/managers/ResMgr.ts.
debug: Resolve ./Globals from file:///D:/MyCoding/Cosos/coinGame/assets/scripts/frame/FrameCore.ts as file:///D:/MyCoding/Cosos/coinGame/assets/scripts/frame/Globals.ts.
debug: Resolve ./CommonUtils from file:///D:/MyCoding/Cosos/coinGame/assets/scripts/frame/FrameCore.ts as file:///D:/MyCoding/Cosos/coinGame/assets/scripts/frame/CommonUtils.ts.
debug: Resolve cce:/internal/code-quality/cr.mjs from file:///D:/MyCoding/Cosos/coinGame/assets/scripts/frame/CommonUtils.ts as cce:/internal/code-quality/cr.mjs.
debug: Resolve cc from file:///D:/MyCoding/Cosos/coinGame/assets/scripts/frame/CommonUtils.ts as cce:/internal/x/cc.
debug: Resolve cc from file:///D:/MyCoding/Cosos/coinGame/assets/scripts/frame/CommonUtils.ts as cce:/internal/x/cc.
debug: Resolve cc from file:///D:/MyCoding/Cosos/coinGame/assets/scripts/frame/CommonUtils.ts as cce:/internal/x/cc.
debug: Resolve ./Enums from file:///D:/MyCoding/Cosos/coinGame/assets/scripts/frame/CommonUtils.ts as file:///D:/MyCoding/Cosos/coinGame/assets/scripts/frame/Enums.ts.
debug: Resolve ./frame/Enums from file:///D:/MyCoding/Cosos/coinGame/assets/scripts/Main.ts as file:///D:/MyCoding/Cosos/coinGame/assets/scripts/frame/Enums.ts.
debug: Resolve cc/env from file:///D:/MyCoding/Cosos/coinGame/assets/scripts/Main.ts as external dependency cc/env.
debug: Resolve ./combat/ctrl/CameraCtrl from file:///D:/MyCoding/Cosos/coinGame/assets/scripts/Main.ts as file:///D:/MyCoding/Cosos/coinGame/assets/scripts/combat/ctrl/CameraCtrl.ts.
debug: Resolve cce:/internal/code-quality/cr.mjs from file:///D:/MyCoding/Cosos/coinGame/assets/scripts/combat/ctrl/CameraCtrl.ts as cce:/internal/code-quality/cr.mjs.
debug: Resolve cc from file:///D:/MyCoding/Cosos/coinGame/assets/scripts/combat/ctrl/CameraCtrl.ts as cce:/internal/x/cc.
debug: Resolve cc from file:///D:/MyCoding/Cosos/coinGame/assets/scripts/combat/ctrl/CameraCtrl.ts as cce:/internal/x/cc.
debug: Resolve cc from file:///D:/MyCoding/Cosos/coinGame/assets/scripts/combat/ctrl/CameraCtrl.ts as cce:/internal/x/cc.
debug: Resolve cc/env from file:///D:/MyCoding/Cosos/coinGame/assets/scripts/combat/ctrl/CameraCtrl.ts as external dependency cc/env.
debug: Resolve ../../frame/FrameCore from file:///D:/MyCoding/Cosos/coinGame/assets/scripts/combat/ctrl/CameraCtrl.ts as file:///D:/MyCoding/Cosos/coinGame/assets/scripts/frame/FrameCore.ts.
debug: Resolve ./coin/CoinMgr from file:///D:/MyCoding/Cosos/coinGame/assets/scripts/Main.ts as file:///D:/MyCoding/Cosos/coinGame/assets/scripts/coin/CoinMgr.ts.
debug: Resolve cce:/internal/code-quality/cr.mjs from file:///D:/MyCoding/Cosos/coinGame/assets/scripts/coin/CoinMgr.ts as cce:/internal/code-quality/cr.mjs.
debug: Resolve cc from file:///D:/MyCoding/Cosos/coinGame/assets/scripts/coin/CoinMgr.ts as cce:/internal/x/cc.
debug: Resolve cc from file:///D:/MyCoding/Cosos/coinGame/assets/scripts/coin/CoinMgr.ts as cce:/internal/x/cc.
debug: Resolve cc from file:///D:/MyCoding/Cosos/coinGame/assets/scripts/coin/CoinMgr.ts as cce:/internal/x/cc.
debug: Resolve ../frame/FrameCore from file:///D:/MyCoding/Cosos/coinGame/assets/scripts/coin/CoinMgr.ts as file:///D:/MyCoding/Cosos/coinGame/assets/scripts/frame/FrameCore.ts.
debug: Resolve ../frame/Enums from file:///D:/MyCoding/Cosos/coinGame/assets/scripts/coin/CoinMgr.ts as file:///D:/MyCoding/Cosos/coinGame/assets/scripts/frame/Enums.ts.
debug: Resolve ../view/CoinBarView from file:///D:/MyCoding/Cosos/coinGame/assets/scripts/coin/CoinMgr.ts as file:///D:/MyCoding/Cosos/coinGame/assets/scripts/view/CoinBarView.ts.
debug: Resolve cc from file:///D:/MyCoding/Cosos/coinGame/assets/scripts/view/CoinBarView.ts as cce:/internal/x/cc.
debug: Resolve cc from file:///D:/MyCoding/Cosos/coinGame/assets/scripts/view/CoinBarView.ts as cce:/internal/x/cc.
debug: Resolve cc from file:///D:/MyCoding/Cosos/coinGame/assets/scripts/view/CoinBarView.ts as cce:/internal/x/cc.
debug: Resolve ../combat/ctrl/PlayerCtrl from file:///D:/MyCoding/Cosos/coinGame/assets/scripts/coin/CoinMgr.ts as file:///D:/MyCoding/Cosos/coinGame/assets/scripts/combat/ctrl/PlayerCtrl.ts.
debug: Resolve cce:/internal/code-quality/cr.mjs from file:///D:/MyCoding/Cosos/coinGame/assets/scripts/combat/ctrl/PlayerCtrl.ts as cce:/internal/code-quality/cr.mjs.
debug: Resolve cc from file:///D:/MyCoding/Cosos/coinGame/assets/scripts/combat/ctrl/PlayerCtrl.ts as cce:/internal/x/cc.
debug: Resolve cc from file:///D:/MyCoding/Cosos/coinGame/assets/scripts/combat/ctrl/PlayerCtrl.ts as cce:/internal/x/cc.
debug: Resolve cc from file:///D:/MyCoding/Cosos/coinGame/assets/scripts/combat/ctrl/PlayerCtrl.ts as cce:/internal/x/cc.
debug: Resolve ../../frame/FrameCore from file:///D:/MyCoding/Cosos/coinGame/assets/scripts/combat/ctrl/PlayerCtrl.ts as file:///D:/MyCoding/Cosos/coinGame/assets/scripts/frame/FrameCore.ts.
debug: Resolve ./CameraCtrl from file:///D:/MyCoding/Cosos/coinGame/assets/scripts/combat/ctrl/PlayerCtrl.ts as file:///D:/MyCoding/Cosos/coinGame/assets/scripts/combat/ctrl/CameraCtrl.ts.
debug: Resolve ../../frame/Enums from file:///D:/MyCoding/Cosos/coinGame/assets/scripts/combat/ctrl/PlayerCtrl.ts as file:///D:/MyCoding/Cosos/coinGame/assets/scripts/frame/Enums.ts.
debug: Resolve ../../frame/CommonUtils from file:///D:/MyCoding/Cosos/coinGame/assets/scripts/combat/ctrl/PlayerCtrl.ts as file:///D:/MyCoding/Cosos/coinGame/assets/scripts/frame/CommonUtils.ts.
debug: Resolve ../view/CoinView from file:///D:/MyCoding/Cosos/coinGame/assets/scripts/coin/CoinMgr.ts as file:///D:/MyCoding/Cosos/coinGame/assets/scripts/view/CoinView.ts.
debug: Resolve cc from file:///D:/MyCoding/Cosos/coinGame/assets/scripts/view/CoinView.ts as cce:/internal/x/cc.
debug: Resolve cc from file:///D:/MyCoding/Cosos/coinGame/assets/scripts/view/CoinView.ts as cce:/internal/x/cc.
debug: Resolve cc from file:///D:/MyCoding/Cosos/coinGame/assets/scripts/view/CoinView.ts as cce:/internal/x/cc.
debug: Resolve ./frame/FrameCore from file:///D:/MyCoding/Cosos/coinGame/assets/scripts/LoadCtrl.ts as file:///D:/MyCoding/Cosos/coinGame/assets/scripts/frame/FrameCore.ts.
debug: Resolve file:///D:/MyCoding/Cosos/coinGame/assets/scripts/Main.ts from cce:/internal/x/prerequisite-imports as file:///D:/MyCoding/Cosos/coinGame/assets/scripts/Main.ts.
debug: Resolve file:///D:/MyCoding/Cosos/coinGame/assets/scripts/TimeScale.ts from cce:/internal/x/prerequisite-imports as file:///D:/MyCoding/Cosos/coinGame/assets/scripts/TimeScale.ts.
debug: Resolve cc from file:///D:/MyCoding/Cosos/coinGame/assets/scripts/TimeScale.ts as cce:/internal/x/cc.
debug: Resolve cc from file:///D:/MyCoding/Cosos/coinGame/assets/scripts/TimeScale.ts as cce:/internal/x/cc.
debug: Resolve cc from file:///D:/MyCoding/Cosos/coinGame/assets/scripts/TimeScale.ts as cce:/internal/x/cc.
debug: Resolve file:///D:/MyCoding/Cosos/coinGame/assets/scripts/coin/CoinMgr.ts from cce:/internal/x/prerequisite-imports as file:///D:/MyCoding/Cosos/coinGame/assets/scripts/coin/CoinMgr.ts.
debug: Resolve file:///D:/MyCoding/Cosos/coinGame/assets/scripts/combat/ctrl/ActionConfig.ts from cce:/internal/x/prerequisite-imports as file:///D:/MyCoding/Cosos/coinGame/assets/scripts/combat/ctrl/ActionConfig.ts.
debug: Resolve cce:/internal/code-quality/cr.mjs from file:///D:/MyCoding/Cosos/coinGame/assets/scripts/combat/ctrl/ActionConfig.ts as cce:/internal/code-quality/cr.mjs.
debug: Resolve cc from file:///D:/MyCoding/Cosos/coinGame/assets/scripts/combat/ctrl/ActionConfig.ts as cce:/internal/x/cc.
debug: Resolve cc from file:///D:/MyCoding/Cosos/coinGame/assets/scripts/combat/ctrl/ActionConfig.ts as cce:/internal/x/cc.
debug: Resolve cc from file:///D:/MyCoding/Cosos/coinGame/assets/scripts/combat/ctrl/ActionConfig.ts as cce:/internal/x/cc.
debug: Resolve ../../frame/FrameCore from file:///D:/MyCoding/Cosos/coinGame/assets/scripts/combat/ctrl/ActionConfig.ts as file:///D:/MyCoding/Cosos/coinGame/assets/scripts/frame/FrameCore.ts.
debug: Resolve ../../frame/Enums from file:///D:/MyCoding/Cosos/coinGame/assets/scripts/combat/ctrl/ActionConfig.ts as file:///D:/MyCoding/Cosos/coinGame/assets/scripts/frame/Enums.ts.
debug: Resolve ../../view/KeyConfigView from file:///D:/MyCoding/Cosos/coinGame/assets/scripts/combat/ctrl/ActionConfig.ts as file:///D:/MyCoding/Cosos/coinGame/assets/scripts/view/KeyConfigView.ts.
debug: Resolve cce:/internal/code-quality/cr.mjs from file:///D:/MyCoding/Cosos/coinGame/assets/scripts/view/KeyConfigView.ts as cce:/internal/code-quality/cr.mjs.
debug: Resolve cc from file:///D:/MyCoding/Cosos/coinGame/assets/scripts/view/KeyConfigView.ts as cce:/internal/x/cc.
debug: Resolve cc from file:///D:/MyCoding/Cosos/coinGame/assets/scripts/view/KeyConfigView.ts as cce:/internal/x/cc.
debug: Resolve cc from file:///D:/MyCoding/Cosos/coinGame/assets/scripts/view/KeyConfigView.ts as cce:/internal/x/cc.
debug: Resolve ./KeyBindingView from file:///D:/MyCoding/Cosos/coinGame/assets/scripts/view/KeyConfigView.ts as file:///D:/MyCoding/Cosos/coinGame/assets/scripts/view/KeyBindingView.ts.
debug: Resolve cc from file:///D:/MyCoding/Cosos/coinGame/assets/scripts/view/KeyBindingView.ts as cce:/internal/x/cc.
debug: Resolve cc from file:///D:/MyCoding/Cosos/coinGame/assets/scripts/view/KeyBindingView.ts as cce:/internal/x/cc.
debug: Resolve cc from file:///D:/MyCoding/Cosos/coinGame/assets/scripts/view/KeyBindingView.ts as cce:/internal/x/cc.
debug: Resolve ../frame/input/InputCtrl from file:///D:/MyCoding/Cosos/coinGame/assets/scripts/view/KeyConfigView.ts as file:///D:/MyCoding/Cosos/coinGame/assets/scripts/frame/input/InputCtrl.ts.
debug: Resolve ../frame/FrameCore from file:///D:/MyCoding/Cosos/coinGame/assets/scripts/view/KeyConfigView.ts as file:///D:/MyCoding/Cosos/coinGame/assets/scripts/frame/FrameCore.ts.
debug: Resolve ./BaseView from file:///D:/MyCoding/Cosos/coinGame/assets/scripts/view/KeyConfigView.ts as file:///D:/MyCoding/Cosos/coinGame/assets/scripts/view/BaseView.ts.
debug: Resolve cce:/internal/code-quality/cr.mjs from file:///D:/MyCoding/Cosos/coinGame/assets/scripts/view/BaseView.ts as cce:/internal/code-quality/cr.mjs.
debug: Resolve cc from file:///D:/MyCoding/Cosos/coinGame/assets/scripts/view/BaseView.ts as cce:/internal/x/cc.
debug: Resolve cc from file:///D:/MyCoding/Cosos/coinGame/assets/scripts/view/BaseView.ts as cce:/internal/x/cc.
debug: Resolve cc from file:///D:/MyCoding/Cosos/coinGame/assets/scripts/view/BaseView.ts as cce:/internal/x/cc.
debug: Resolve ../frame/Enums from file:///D:/MyCoding/Cosos/coinGame/assets/scripts/view/BaseView.ts as file:///D:/MyCoding/Cosos/coinGame/assets/scripts/frame/Enums.ts.
debug: Resolve ../frame/FrameCore from file:///D:/MyCoding/Cosos/coinGame/assets/scripts/view/BaseView.ts as file:///D:/MyCoding/Cosos/coinGame/assets/scripts/frame/FrameCore.ts.
debug: Resolve file:///D:/MyCoding/Cosos/coinGame/assets/scripts/combat/ctrl/CameraCtrl.ts from cce:/internal/x/prerequisite-imports as file:///D:/MyCoding/Cosos/coinGame/assets/scripts/combat/ctrl/CameraCtrl.ts.
debug: Resolve file:///D:/MyCoding/Cosos/coinGame/assets/scripts/combat/ctrl/PlayerCtrl.ts from cce:/internal/x/prerequisite-imports as file:///D:/MyCoding/Cosos/coinGame/assets/scripts/combat/ctrl/PlayerCtrl.ts.
debug: Resolve file:///D:/MyCoding/Cosos/coinGame/assets/scripts/frame/CommonUtils.ts from cce:/internal/x/prerequisite-imports as file:///D:/MyCoding/Cosos/coinGame/assets/scripts/frame/CommonUtils.ts.
debug: Resolve file:///D:/MyCoding/Cosos/coinGame/assets/scripts/frame/Enums.ts from cce:/internal/x/prerequisite-imports as file:///D:/MyCoding/Cosos/coinGame/assets/scripts/frame/Enums.ts.
debug: Resolve file:///D:/MyCoding/Cosos/coinGame/assets/scripts/frame/FrameCore.ts from cce:/internal/x/prerequisite-imports as file:///D:/MyCoding/Cosos/coinGame/assets/scripts/frame/FrameCore.ts.
debug: Resolve file:///D:/MyCoding/Cosos/coinGame/assets/scripts/frame/Globals.ts from cce:/internal/x/prerequisite-imports as file:///D:/MyCoding/Cosos/coinGame/assets/scripts/frame/Globals.ts.
debug: Resolve file:///D:/MyCoding/Cosos/coinGame/assets/scripts/frame/input/InputCtrl.ts from cce:/internal/x/prerequisite-imports as file:///D:/MyCoding/Cosos/coinGame/assets/scripts/frame/input/InputCtrl.ts.
debug: Resolve file:///D:/MyCoding/Cosos/coinGame/assets/scripts/frame/input/JoystickCtrl.ts from cce:/internal/x/prerequisite-imports as file:///D:/MyCoding/Cosos/coinGame/assets/scripts/frame/input/JoystickCtrl.ts.
debug: Resolve cce:/internal/code-quality/cr.mjs from file:///D:/MyCoding/Cosos/coinGame/assets/scripts/frame/input/JoystickCtrl.ts as cce:/internal/code-quality/cr.mjs.
debug: Resolve cc from file:///D:/MyCoding/Cosos/coinGame/assets/scripts/frame/input/JoystickCtrl.ts as cce:/internal/x/cc.
debug: Resolve cc from file:///D:/MyCoding/Cosos/coinGame/assets/scripts/frame/input/JoystickCtrl.ts as cce:/internal/x/cc.
debug: Resolve cc from file:///D:/MyCoding/Cosos/coinGame/assets/scripts/frame/input/JoystickCtrl.ts as cce:/internal/x/cc.
debug: Resolve ./InputCtrl from file:///D:/MyCoding/Cosos/coinGame/assets/scripts/frame/input/JoystickCtrl.ts as file:///D:/MyCoding/Cosos/coinGame/assets/scripts/frame/input/InputCtrl.ts.
debug: Resolve file:///D:/MyCoding/Cosos/coinGame/assets/scripts/frame/managers/ResMgr.ts from cce:/internal/x/prerequisite-imports as file:///D:/MyCoding/Cosos/coinGame/assets/scripts/frame/managers/ResMgr.ts.
debug: Resolve file:///D:/MyCoding/Cosos/coinGame/assets/scripts/frame/managers/SoundMgr.ts from cce:/internal/x/prerequisite-imports as file:///D:/MyCoding/Cosos/coinGame/assets/scripts/frame/managers/SoundMgr.ts.
debug: Resolve file:///D:/MyCoding/Cosos/coinGame/assets/scripts/view/BaseView.ts from cce:/internal/x/prerequisite-imports as file:///D:/MyCoding/Cosos/coinGame/assets/scripts/view/BaseView.ts.
debug: Resolve file:///D:/MyCoding/Cosos/coinGame/assets/scripts/view/CoinBarView.ts from cce:/internal/x/prerequisite-imports as file:///D:/MyCoding/Cosos/coinGame/assets/scripts/view/CoinBarView.ts.
debug: Resolve file:///D:/MyCoding/Cosos/coinGame/assets/scripts/view/CoinView.ts from cce:/internal/x/prerequisite-imports as file:///D:/MyCoding/Cosos/coinGame/assets/scripts/view/CoinView.ts.
debug: Resolve file:///D:/MyCoding/Cosos/coinGame/assets/scripts/view/KeyBindingView.ts from cce:/internal/x/prerequisite-imports as file:///D:/MyCoding/Cosos/coinGame/assets/scripts/view/KeyBindingView.ts.
debug: Resolve file:///D:/MyCoding/Cosos/coinGame/assets/scripts/view/KeyConfigView.ts from cce:/internal/x/prerequisite-imports as file:///D:/MyCoding/Cosos/coinGame/assets/scripts/view/KeyConfigView.ts.
debug: Resolve file:///D:/MyCoding/Cosos/coinGame/assets/scripts/view/ToastView.ts from cce:/internal/x/prerequisite-imports as file:///D:/MyCoding/Cosos/coinGame/assets/scripts/view/ToastView.ts.
debug: Resolve cce:/internal/code-quality/cr.mjs from file:///D:/MyCoding/Cosos/coinGame/assets/scripts/view/ToastView.ts as cce:/internal/code-quality/cr.mjs.
debug: Resolve cc from file:///D:/MyCoding/Cosos/coinGame/assets/scripts/view/ToastView.ts as cce:/internal/x/cc.
debug: Resolve cc from file:///D:/MyCoding/Cosos/coinGame/assets/scripts/view/ToastView.ts as cce:/internal/x/cc.
debug: Resolve cc from file:///D:/MyCoding/Cosos/coinGame/assets/scripts/view/ToastView.ts as cce:/internal/x/cc.
debug: Resolve ../frame/Enums from file:///D:/MyCoding/Cosos/coinGame/assets/scripts/view/ToastView.ts as file:///D:/MyCoding/Cosos/coinGame/assets/scripts/frame/Enums.ts.
debug: Resolve file:///D:/ProgramData/cocos/editors/Creator/3.8.0/resources/resources/3d/engine/editor/assets/tools/debug-view-runtime-control.ts from cce:/internal/x/prerequisite-imports as file:///D:/ProgramData/cocos/editors/Creator/3.8.0/resources/resources/3d/engine/editor/assets/tools/debug-view-runtime-control.ts.
debug: Resolve cc from file:///D:/ProgramData/cocos/editors/Creator/3.8.0/resources/resources/3d/engine/editor/assets/tools/debug-view-runtime-control.ts as cce:/internal/x/cc.
debug: Resolve cc from file:///D:/ProgramData/cocos/editors/Creator/3.8.0/resources/resources/3d/engine/editor/assets/tools/debug-view-runtime-control.ts as cce:/internal/x/cc.
debug: Resolve cc from file:///D:/ProgramData/cocos/editors/Creator/3.8.0/resources/resources/3d/engine/editor/assets/tools/debug-view-runtime-control.ts as cce:/internal/x/cc.
debug: Target(editor) ends with cost 485.30810000002384ms.
debug: Target(preview) build started.
debug: Detected change: cce:/internal/x/cc. Last mtime: Thu Jan 01 1970 08:00:16 GMT+0800 (香港标准时间), Current mtime: Thu Jan 01 1970 08:00:26 GMT+0800 (香港标准时间)
debug: Inspect cce:/internal/x/cc
debug: Resolve cce:/internal/x/cc-fu/2d from cce:/internal/x/cc as external dependency cce:/internal/x/cc-fu/2d.
debug: Resolve cce:/internal/x/cc-fu/sorting from cce:/internal/x/cc as external dependency cce:/internal/x/cc-fu/sorting.
debug: Resolve cce:/internal/x/cc-fu/3d from cce:/internal/x/cc as external dependency cce:/internal/x/cc-fu/3d.
debug: Resolve cce:/internal/x/cc-fu/animation from cce:/internal/x/cc as external dependency cce:/internal/x/cc-fu/animation.
debug: Resolve cce:/internal/x/cc-fu/audio from cce:/internal/x/cc as external dependency cce:/internal/x/cc-fu/audio.
debug: Resolve cce:/internal/x/cc-fu/base from cce:/internal/x/cc as external dependency cce:/internal/x/cc-fu/base.
debug: Resolve cce:/internal/x/cc-fu/gfx-webgl from cce:/internal/x/cc as external dependency cce:/internal/x/cc-fu/gfx-webgl.
debug: Resolve cce:/internal/x/cc-fu/primitive from cce:/internal/x/cc as external dependency cce:/internal/x/cc-fu/primitive.
debug: Resolve cce:/internal/x/cc-fu/profiler from cce:/internal/x/cc as external dependency cce:/internal/x/cc-fu/profiler.
debug: Resolve cce:/internal/x/cc-fu/skeletal-animation from cce:/internal/x/cc as external dependency cce:/internal/x/cc-fu/skeletal-animation.
debug: Resolve cce:/internal/x/cc-fu/tween from cce:/internal/x/cc as external dependency cce:/internal/x/cc-fu/tween.
debug: Resolve cce:/internal/x/cc-fu/ui from cce:/internal/x/cc as external dependency cce:/internal/x/cc-fu/ui.
debug: Detected change: cce:/internal/x/prerequisite-imports. Last mtime: Thu Jan 01 1970 08:00:18 GMT+0800 (香港标准时间), Current mtime: Thu Jan 01 1970 08:00:27 GMT+0800 (香港标准时间)
debug: Inspect cce:/internal/x/prerequisite-imports
debug: Resolve file:///D:/MyCoding/Cosos/coinGame/assets/scripts/LoadCtrl.ts from cce:/internal/x/prerequisite-imports as file:///D:/MyCoding/Cosos/coinGame/assets/scripts/LoadCtrl.ts.
debug: Resolve cce:/internal/code-quality/cr.mjs from file:///D:/MyCoding/Cosos/coinGame/assets/scripts/LoadCtrl.ts as cce:/internal/code-quality/cr.mjs.
debug: Detected change: cce:/internal/code-quality/cr.mjs. Last mtime: Thu Apr 18 2024 08:59:10 GMT+0800 (香港标准时间), Current mtime: Thu Apr 18 2024 10:00:23 GMT+0800 (香港标准时间)
debug: Inspect cce:/internal/code-quality/cr.mjs
debug: Resolve cc from file:///D:/MyCoding/Cosos/coinGame/assets/scripts/LoadCtrl.ts as cce:/internal/x/cc.
debug: Resolve cc from file:///D:/MyCoding/Cosos/coinGame/assets/scripts/LoadCtrl.ts as cce:/internal/x/cc.
debug: Resolve cc from file:///D:/MyCoding/Cosos/coinGame/assets/scripts/LoadCtrl.ts as cce:/internal/x/cc.
debug: Resolve ./Main from file:///D:/MyCoding/Cosos/coinGame/assets/scripts/LoadCtrl.ts as file:///D:/MyCoding/Cosos/coinGame/assets/scripts/Main.ts.
debug: Resolve cce:/internal/code-quality/cr.mjs from file:///D:/MyCoding/Cosos/coinGame/assets/scripts/Main.ts as cce:/internal/code-quality/cr.mjs.
debug: Resolve cc from file:///D:/MyCoding/Cosos/coinGame/assets/scripts/Main.ts as cce:/internal/x/cc.
debug: Resolve cc from file:///D:/MyCoding/Cosos/coinGame/assets/scripts/Main.ts as cce:/internal/x/cc.
debug: Resolve cc from file:///D:/MyCoding/Cosos/coinGame/assets/scripts/Main.ts as cce:/internal/x/cc.
debug: Resolve ./frame/FrameCore from file:///D:/MyCoding/Cosos/coinGame/assets/scripts/Main.ts as file:///D:/MyCoding/Cosos/coinGame/assets/scripts/frame/FrameCore.ts.
debug: Resolve cce:/internal/code-quality/cr.mjs from file:///D:/MyCoding/Cosos/coinGame/assets/scripts/frame/FrameCore.ts as cce:/internal/code-quality/cr.mjs.
debug: Resolve cc from file:///D:/MyCoding/Cosos/coinGame/assets/scripts/frame/FrameCore.ts as cce:/internal/x/cc.
debug: Resolve cc from file:///D:/MyCoding/Cosos/coinGame/assets/scripts/frame/FrameCore.ts as cce:/internal/x/cc.
debug: Resolve ./input/InputCtrl from file:///D:/MyCoding/Cosos/coinGame/assets/scripts/frame/FrameCore.ts as file:///D:/MyCoding/Cosos/coinGame/assets/scripts/frame/input/InputCtrl.ts.
debug: Resolve cc from file:///D:/MyCoding/Cosos/coinGame/assets/scripts/frame/input/InputCtrl.ts as cce:/internal/x/cc.
debug: Resolve cc from file:///D:/MyCoding/Cosos/coinGame/assets/scripts/frame/input/InputCtrl.ts as cce:/internal/x/cc.
debug: Resolve cc from file:///D:/MyCoding/Cosos/coinGame/assets/scripts/frame/input/InputCtrl.ts as cce:/internal/x/cc.
debug: Resolve ./managers/ResMgr from file:///D:/MyCoding/Cosos/coinGame/assets/scripts/frame/FrameCore.ts as file:///D:/MyCoding/Cosos/coinGame/assets/scripts/frame/managers/ResMgr.ts.
debug: Resolve cce:/internal/code-quality/cr.mjs from file:///D:/MyCoding/Cosos/coinGame/assets/scripts/frame/managers/ResMgr.ts as cce:/internal/code-quality/cr.mjs.
debug: Resolve cc from file:///D:/MyCoding/Cosos/coinGame/assets/scripts/frame/managers/ResMgr.ts as cce:/internal/x/cc.
debug: Resolve cc from file:///D:/MyCoding/Cosos/coinGame/assets/scripts/frame/managers/ResMgr.ts as cce:/internal/x/cc.
debug: Resolve cc from file:///D:/MyCoding/Cosos/coinGame/assets/scripts/frame/managers/ResMgr.ts as cce:/internal/x/cc.
debug: Resolve ../Enums from file:///D:/MyCoding/Cosos/coinGame/assets/scripts/frame/managers/ResMgr.ts as file:///D:/MyCoding/Cosos/coinGame/assets/scripts/frame/Enums.ts.
debug: Resolve cc from file:///D:/MyCoding/Cosos/coinGame/assets/scripts/frame/Enums.ts as cce:/internal/x/cc.
debug: Resolve cc from file:///D:/MyCoding/Cosos/coinGame/assets/scripts/frame/Enums.ts as cce:/internal/x/cc.
debug: Resolve cc from file:///D:/MyCoding/Cosos/coinGame/assets/scripts/frame/Enums.ts as cce:/internal/x/cc.
debug: Resolve ../Globals from file:///D:/MyCoding/Cosos/coinGame/assets/scripts/frame/managers/ResMgr.ts as file:///D:/MyCoding/Cosos/coinGame/assets/scripts/frame/Globals.ts.
debug: Resolve cc from file:///D:/MyCoding/Cosos/coinGame/assets/scripts/frame/Globals.ts as cce:/internal/x/cc.
debug: Resolve cc from file:///D:/MyCoding/Cosos/coinGame/assets/scripts/frame/Globals.ts as cce:/internal/x/cc.
debug: Resolve ./managers/SoundMgr from file:///D:/MyCoding/Cosos/coinGame/assets/scripts/frame/FrameCore.ts as file:///D:/MyCoding/Cosos/coinGame/assets/scripts/frame/managers/SoundMgr.ts.
debug: Resolve cce:/internal/code-quality/cr.mjs from file:///D:/MyCoding/Cosos/coinGame/assets/scripts/frame/managers/SoundMgr.ts as cce:/internal/code-quality/cr.mjs.
debug: Resolve cc from file:///D:/MyCoding/Cosos/coinGame/assets/scripts/frame/managers/SoundMgr.ts as cce:/internal/x/cc.
debug: Resolve cc from file:///D:/MyCoding/Cosos/coinGame/assets/scripts/frame/managers/SoundMgr.ts as cce:/internal/x/cc.
debug: Resolve cc from file:///D:/MyCoding/Cosos/coinGame/assets/scripts/frame/managers/SoundMgr.ts as cce:/internal/x/cc.
debug: Resolve ./ResMgr from file:///D:/MyCoding/Cosos/coinGame/assets/scripts/frame/managers/SoundMgr.ts as file:///D:/MyCoding/Cosos/coinGame/assets/scripts/frame/managers/ResMgr.ts.
debug: Resolve ./Globals from file:///D:/MyCoding/Cosos/coinGame/assets/scripts/frame/FrameCore.ts as file:///D:/MyCoding/Cosos/coinGame/assets/scripts/frame/Globals.ts.
debug: Resolve ./CommonUtils from file:///D:/MyCoding/Cosos/coinGame/assets/scripts/frame/FrameCore.ts as file:///D:/MyCoding/Cosos/coinGame/assets/scripts/frame/CommonUtils.ts.
debug: Resolve cce:/internal/code-quality/cr.mjs from file:///D:/MyCoding/Cosos/coinGame/assets/scripts/frame/CommonUtils.ts as cce:/internal/code-quality/cr.mjs.
debug: Resolve cc from file:///D:/MyCoding/Cosos/coinGame/assets/scripts/frame/CommonUtils.ts as cce:/internal/x/cc.
debug: Resolve cc from file:///D:/MyCoding/Cosos/coinGame/assets/scripts/frame/CommonUtils.ts as cce:/internal/x/cc.
debug: Resolve cc from file:///D:/MyCoding/Cosos/coinGame/assets/scripts/frame/CommonUtils.ts as cce:/internal/x/cc.
debug: Resolve ./Enums from file:///D:/MyCoding/Cosos/coinGame/assets/scripts/frame/CommonUtils.ts as file:///D:/MyCoding/Cosos/coinGame/assets/scripts/frame/Enums.ts.
debug: Resolve ./frame/Enums from file:///D:/MyCoding/Cosos/coinGame/assets/scripts/Main.ts as file:///D:/MyCoding/Cosos/coinGame/assets/scripts/frame/Enums.ts.
debug: Resolve cc/env from file:///D:/MyCoding/Cosos/coinGame/assets/scripts/Main.ts as external dependency cc/env.
debug: Resolve ./combat/ctrl/CameraCtrl from file:///D:/MyCoding/Cosos/coinGame/assets/scripts/Main.ts as file:///D:/MyCoding/Cosos/coinGame/assets/scripts/combat/ctrl/CameraCtrl.ts.
debug: Resolve cce:/internal/code-quality/cr.mjs from file:///D:/MyCoding/Cosos/coinGame/assets/scripts/combat/ctrl/CameraCtrl.ts as cce:/internal/code-quality/cr.mjs.
debug: Resolve cc from file:///D:/MyCoding/Cosos/coinGame/assets/scripts/combat/ctrl/CameraCtrl.ts as cce:/internal/x/cc.
debug: Resolve cc from file:///D:/MyCoding/Cosos/coinGame/assets/scripts/combat/ctrl/CameraCtrl.ts as cce:/internal/x/cc.
debug: Resolve cc from file:///D:/MyCoding/Cosos/coinGame/assets/scripts/combat/ctrl/CameraCtrl.ts as cce:/internal/x/cc.
debug: Resolve cc/env from file:///D:/MyCoding/Cosos/coinGame/assets/scripts/combat/ctrl/CameraCtrl.ts as external dependency cc/env.
debug: Resolve ../../frame/FrameCore from file:///D:/MyCoding/Cosos/coinGame/assets/scripts/combat/ctrl/CameraCtrl.ts as file:///D:/MyCoding/Cosos/coinGame/assets/scripts/frame/FrameCore.ts.
debug: Resolve ./coin/CoinMgr from file:///D:/MyCoding/Cosos/coinGame/assets/scripts/Main.ts as file:///D:/MyCoding/Cosos/coinGame/assets/scripts/coin/CoinMgr.ts.
debug: Resolve cce:/internal/code-quality/cr.mjs from file:///D:/MyCoding/Cosos/coinGame/assets/scripts/coin/CoinMgr.ts as cce:/internal/code-quality/cr.mjs.
debug: Resolve cc from file:///D:/MyCoding/Cosos/coinGame/assets/scripts/coin/CoinMgr.ts as cce:/internal/x/cc.
debug: Resolve cc from file:///D:/MyCoding/Cosos/coinGame/assets/scripts/coin/CoinMgr.ts as cce:/internal/x/cc.
debug: Resolve cc from file:///D:/MyCoding/Cosos/coinGame/assets/scripts/coin/CoinMgr.ts as cce:/internal/x/cc.
debug: Resolve ../frame/FrameCore from file:///D:/MyCoding/Cosos/coinGame/assets/scripts/coin/CoinMgr.ts as file:///D:/MyCoding/Cosos/coinGame/assets/scripts/frame/FrameCore.ts.
debug: Resolve ../frame/Enums from file:///D:/MyCoding/Cosos/coinGame/assets/scripts/coin/CoinMgr.ts as file:///D:/MyCoding/Cosos/coinGame/assets/scripts/frame/Enums.ts.
debug: Resolve ../view/CoinBarView from file:///D:/MyCoding/Cosos/coinGame/assets/scripts/coin/CoinMgr.ts as file:///D:/MyCoding/Cosos/coinGame/assets/scripts/view/CoinBarView.ts.
debug: Resolve cc from file:///D:/MyCoding/Cosos/coinGame/assets/scripts/view/CoinBarView.ts as cce:/internal/x/cc.
debug: Resolve cc from file:///D:/MyCoding/Cosos/coinGame/assets/scripts/view/CoinBarView.ts as cce:/internal/x/cc.
debug: Resolve cc from file:///D:/MyCoding/Cosos/coinGame/assets/scripts/view/CoinBarView.ts as cce:/internal/x/cc.
debug: Resolve ../combat/ctrl/PlayerCtrl from file:///D:/MyCoding/Cosos/coinGame/assets/scripts/coin/CoinMgr.ts as file:///D:/MyCoding/Cosos/coinGame/assets/scripts/combat/ctrl/PlayerCtrl.ts.
debug: Resolve cce:/internal/code-quality/cr.mjs from file:///D:/MyCoding/Cosos/coinGame/assets/scripts/combat/ctrl/PlayerCtrl.ts as cce:/internal/code-quality/cr.mjs.
debug: Resolve cc from file:///D:/MyCoding/Cosos/coinGame/assets/scripts/combat/ctrl/PlayerCtrl.ts as cce:/internal/x/cc.
debug: Resolve cc from file:///D:/MyCoding/Cosos/coinGame/assets/scripts/combat/ctrl/PlayerCtrl.ts as cce:/internal/x/cc.
debug: Resolve cc from file:///D:/MyCoding/Cosos/coinGame/assets/scripts/combat/ctrl/PlayerCtrl.ts as cce:/internal/x/cc.
debug: Resolve ../../frame/FrameCore from file:///D:/MyCoding/Cosos/coinGame/assets/scripts/combat/ctrl/PlayerCtrl.ts as file:///D:/MyCoding/Cosos/coinGame/assets/scripts/frame/FrameCore.ts.
debug: Resolve ./CameraCtrl from file:///D:/MyCoding/Cosos/coinGame/assets/scripts/combat/ctrl/PlayerCtrl.ts as file:///D:/MyCoding/Cosos/coinGame/assets/scripts/combat/ctrl/CameraCtrl.ts.
debug: Resolve ../../frame/Enums from file:///D:/MyCoding/Cosos/coinGame/assets/scripts/combat/ctrl/PlayerCtrl.ts as file:///D:/MyCoding/Cosos/coinGame/assets/scripts/frame/Enums.ts.
debug: Resolve ../../frame/CommonUtils from file:///D:/MyCoding/Cosos/coinGame/assets/scripts/combat/ctrl/PlayerCtrl.ts as file:///D:/MyCoding/Cosos/coinGame/assets/scripts/frame/CommonUtils.ts.
debug: Resolve ../view/CoinView from file:///D:/MyCoding/Cosos/coinGame/assets/scripts/coin/CoinMgr.ts as file:///D:/MyCoding/Cosos/coinGame/assets/scripts/view/CoinView.ts.
debug: Resolve cc from file:///D:/MyCoding/Cosos/coinGame/assets/scripts/view/CoinView.ts as cce:/internal/x/cc.
debug: Resolve cc from file:///D:/MyCoding/Cosos/coinGame/assets/scripts/view/CoinView.ts as cce:/internal/x/cc.
debug: Resolve cc from file:///D:/MyCoding/Cosos/coinGame/assets/scripts/view/CoinView.ts as cce:/internal/x/cc.
debug: Resolve ./frame/FrameCore from file:///D:/MyCoding/Cosos/coinGame/assets/scripts/LoadCtrl.ts as file:///D:/MyCoding/Cosos/coinGame/assets/scripts/frame/FrameCore.ts.
debug: Resolve file:///D:/MyCoding/Cosos/coinGame/assets/scripts/Main.ts from cce:/internal/x/prerequisite-imports as file:///D:/MyCoding/Cosos/coinGame/assets/scripts/Main.ts.
debug: Resolve file:///D:/MyCoding/Cosos/coinGame/assets/scripts/TimeScale.ts from cce:/internal/x/prerequisite-imports as file:///D:/MyCoding/Cosos/coinGame/assets/scripts/TimeScale.ts.
debug: Resolve cc from file:///D:/MyCoding/Cosos/coinGame/assets/scripts/TimeScale.ts as cce:/internal/x/cc.
debug: Resolve cc from file:///D:/MyCoding/Cosos/coinGame/assets/scripts/TimeScale.ts as cce:/internal/x/cc.
debug: Resolve cc from file:///D:/MyCoding/Cosos/coinGame/assets/scripts/TimeScale.ts as cce:/internal/x/cc.
debug: Resolve file:///D:/MyCoding/Cosos/coinGame/assets/scripts/coin/CoinMgr.ts from cce:/internal/x/prerequisite-imports as file:///D:/MyCoding/Cosos/coinGame/assets/scripts/coin/CoinMgr.ts.
debug: Resolve file:///D:/MyCoding/Cosos/coinGame/assets/scripts/combat/ctrl/ActionConfig.ts from cce:/internal/x/prerequisite-imports as file:///D:/MyCoding/Cosos/coinGame/assets/scripts/combat/ctrl/ActionConfig.ts.
debug: Resolve cce:/internal/code-quality/cr.mjs from file:///D:/MyCoding/Cosos/coinGame/assets/scripts/combat/ctrl/ActionConfig.ts as cce:/internal/code-quality/cr.mjs.
debug: Resolve cc from file:///D:/MyCoding/Cosos/coinGame/assets/scripts/combat/ctrl/ActionConfig.ts as cce:/internal/x/cc.
debug: Resolve cc from file:///D:/MyCoding/Cosos/coinGame/assets/scripts/combat/ctrl/ActionConfig.ts as cce:/internal/x/cc.
debug: Resolve cc from file:///D:/MyCoding/Cosos/coinGame/assets/scripts/combat/ctrl/ActionConfig.ts as cce:/internal/x/cc.
debug: Resolve ../../frame/FrameCore from file:///D:/MyCoding/Cosos/coinGame/assets/scripts/combat/ctrl/ActionConfig.ts as file:///D:/MyCoding/Cosos/coinGame/assets/scripts/frame/FrameCore.ts.
debug: Resolve ../../frame/Enums from file:///D:/MyCoding/Cosos/coinGame/assets/scripts/combat/ctrl/ActionConfig.ts as file:///D:/MyCoding/Cosos/coinGame/assets/scripts/frame/Enums.ts.
debug: Resolve ../../view/KeyConfigView from file:///D:/MyCoding/Cosos/coinGame/assets/scripts/combat/ctrl/ActionConfig.ts as file:///D:/MyCoding/Cosos/coinGame/assets/scripts/view/KeyConfigView.ts.
debug: Resolve cce:/internal/code-quality/cr.mjs from file:///D:/MyCoding/Cosos/coinGame/assets/scripts/view/KeyConfigView.ts as cce:/internal/code-quality/cr.mjs.
debug: Resolve cc from file:///D:/MyCoding/Cosos/coinGame/assets/scripts/view/KeyConfigView.ts as cce:/internal/x/cc.
debug: Resolve cc from file:///D:/MyCoding/Cosos/coinGame/assets/scripts/view/KeyConfigView.ts as cce:/internal/x/cc.
debug: Resolve cc from file:///D:/MyCoding/Cosos/coinGame/assets/scripts/view/KeyConfigView.ts as cce:/internal/x/cc.
debug: Resolve ./KeyBindingView from file:///D:/MyCoding/Cosos/coinGame/assets/scripts/view/KeyConfigView.ts as file:///D:/MyCoding/Cosos/coinGame/assets/scripts/view/KeyBindingView.ts.
debug: Resolve cc from file:///D:/MyCoding/Cosos/coinGame/assets/scripts/view/KeyBindingView.ts as cce:/internal/x/cc.
debug: Resolve cc from file:///D:/MyCoding/Cosos/coinGame/assets/scripts/view/KeyBindingView.ts as cce:/internal/x/cc.
debug: Resolve cc from file:///D:/MyCoding/Cosos/coinGame/assets/scripts/view/KeyBindingView.ts as cce:/internal/x/cc.
debug: Resolve ../frame/input/InputCtrl from file:///D:/MyCoding/Cosos/coinGame/assets/scripts/view/KeyConfigView.ts as file:///D:/MyCoding/Cosos/coinGame/assets/scripts/frame/input/InputCtrl.ts.
debug: Resolve ../frame/FrameCore from file:///D:/MyCoding/Cosos/coinGame/assets/scripts/view/KeyConfigView.ts as file:///D:/MyCoding/Cosos/coinGame/assets/scripts/frame/FrameCore.ts.
debug: Resolve ./BaseView from file:///D:/MyCoding/Cosos/coinGame/assets/scripts/view/KeyConfigView.ts as file:///D:/MyCoding/Cosos/coinGame/assets/scripts/view/BaseView.ts.
debug: Resolve cce:/internal/code-quality/cr.mjs from file:///D:/MyCoding/Cosos/coinGame/assets/scripts/view/BaseView.ts as cce:/internal/code-quality/cr.mjs.
debug: Resolve cc from file:///D:/MyCoding/Cosos/coinGame/assets/scripts/view/BaseView.ts as cce:/internal/x/cc.
debug: Resolve cc from file:///D:/MyCoding/Cosos/coinGame/assets/scripts/view/BaseView.ts as cce:/internal/x/cc.
debug: Resolve cc from file:///D:/MyCoding/Cosos/coinGame/assets/scripts/view/BaseView.ts as cce:/internal/x/cc.
debug: Resolve ../frame/Enums from file:///D:/MyCoding/Cosos/coinGame/assets/scripts/view/BaseView.ts as file:///D:/MyCoding/Cosos/coinGame/assets/scripts/frame/Enums.ts.
debug: Resolve ../frame/FrameCore from file:///D:/MyCoding/Cosos/coinGame/assets/scripts/view/BaseView.ts as file:///D:/MyCoding/Cosos/coinGame/assets/scripts/frame/FrameCore.ts.
debug: Resolve file:///D:/MyCoding/Cosos/coinGame/assets/scripts/combat/ctrl/CameraCtrl.ts from cce:/internal/x/prerequisite-imports as file:///D:/MyCoding/Cosos/coinGame/assets/scripts/combat/ctrl/CameraCtrl.ts.
debug: Resolve file:///D:/MyCoding/Cosos/coinGame/assets/scripts/combat/ctrl/PlayerCtrl.ts from cce:/internal/x/prerequisite-imports as file:///D:/MyCoding/Cosos/coinGame/assets/scripts/combat/ctrl/PlayerCtrl.ts.
debug: Resolve file:///D:/MyCoding/Cosos/coinGame/assets/scripts/frame/CommonUtils.ts from cce:/internal/x/prerequisite-imports as file:///D:/MyCoding/Cosos/coinGame/assets/scripts/frame/CommonUtils.ts.
debug: Resolve file:///D:/MyCoding/Cosos/coinGame/assets/scripts/frame/Enums.ts from cce:/internal/x/prerequisite-imports as file:///D:/MyCoding/Cosos/coinGame/assets/scripts/frame/Enums.ts.
debug: Resolve file:///D:/MyCoding/Cosos/coinGame/assets/scripts/frame/FrameCore.ts from cce:/internal/x/prerequisite-imports as file:///D:/MyCoding/Cosos/coinGame/assets/scripts/frame/FrameCore.ts.
debug: Resolve file:///D:/MyCoding/Cosos/coinGame/assets/scripts/frame/Globals.ts from cce:/internal/x/prerequisite-imports as file:///D:/MyCoding/Cosos/coinGame/assets/scripts/frame/Globals.ts.
debug: Resolve file:///D:/MyCoding/Cosos/coinGame/assets/scripts/frame/input/InputCtrl.ts from cce:/internal/x/prerequisite-imports as file:///D:/MyCoding/Cosos/coinGame/assets/scripts/frame/input/InputCtrl.ts.
debug: Resolve file:///D:/MyCoding/Cosos/coinGame/assets/scripts/frame/input/JoystickCtrl.ts from cce:/internal/x/prerequisite-imports as file:///D:/MyCoding/Cosos/coinGame/assets/scripts/frame/input/JoystickCtrl.ts.
debug: Resolve cce:/internal/code-quality/cr.mjs from file:///D:/MyCoding/Cosos/coinGame/assets/scripts/frame/input/JoystickCtrl.ts as cce:/internal/code-quality/cr.mjs.
debug: Resolve cc from file:///D:/MyCoding/Cosos/coinGame/assets/scripts/frame/input/JoystickCtrl.ts as cce:/internal/x/cc.
debug: Resolve cc from file:///D:/MyCoding/Cosos/coinGame/assets/scripts/frame/input/JoystickCtrl.ts as cce:/internal/x/cc.
debug: Resolve cc from file:///D:/MyCoding/Cosos/coinGame/assets/scripts/frame/input/JoystickCtrl.ts as cce:/internal/x/cc.
debug: Resolve ./InputCtrl from file:///D:/MyCoding/Cosos/coinGame/assets/scripts/frame/input/JoystickCtrl.ts as file:///D:/MyCoding/Cosos/coinGame/assets/scripts/frame/input/InputCtrl.ts.
debug: Resolve file:///D:/MyCoding/Cosos/coinGame/assets/scripts/frame/managers/ResMgr.ts from cce:/internal/x/prerequisite-imports as file:///D:/MyCoding/Cosos/coinGame/assets/scripts/frame/managers/ResMgr.ts.
debug: Resolve file:///D:/MyCoding/Cosos/coinGame/assets/scripts/frame/managers/SoundMgr.ts from cce:/internal/x/prerequisite-imports as file:///D:/MyCoding/Cosos/coinGame/assets/scripts/frame/managers/SoundMgr.ts.
debug: Resolve file:///D:/MyCoding/Cosos/coinGame/assets/scripts/view/BaseView.ts from cce:/internal/x/prerequisite-imports as file:///D:/MyCoding/Cosos/coinGame/assets/scripts/view/BaseView.ts.
debug: Resolve file:///D:/MyCoding/Cosos/coinGame/assets/scripts/view/CoinBarView.ts from cce:/internal/x/prerequisite-imports as file:///D:/MyCoding/Cosos/coinGame/assets/scripts/view/CoinBarView.ts.
debug: Resolve file:///D:/MyCoding/Cosos/coinGame/assets/scripts/view/CoinView.ts from cce:/internal/x/prerequisite-imports as file:///D:/MyCoding/Cosos/coinGame/assets/scripts/view/CoinView.ts.
debug: Resolve file:///D:/MyCoding/Cosos/coinGame/assets/scripts/view/KeyBindingView.ts from cce:/internal/x/prerequisite-imports as file:///D:/MyCoding/Cosos/coinGame/assets/scripts/view/KeyBindingView.ts.
debug: Resolve file:///D:/MyCoding/Cosos/coinGame/assets/scripts/view/KeyConfigView.ts from cce:/internal/x/prerequisite-imports as file:///D:/MyCoding/Cosos/coinGame/assets/scripts/view/KeyConfigView.ts.
debug: Resolve file:///D:/MyCoding/Cosos/coinGame/assets/scripts/view/ToastView.ts from cce:/internal/x/prerequisite-imports as file:///D:/MyCoding/Cosos/coinGame/assets/scripts/view/ToastView.ts.
debug: Resolve cce:/internal/code-quality/cr.mjs from file:///D:/MyCoding/Cosos/coinGame/assets/scripts/view/ToastView.ts as cce:/internal/code-quality/cr.mjs.
debug: Resolve cc from file:///D:/MyCoding/Cosos/coinGame/assets/scripts/view/ToastView.ts as cce:/internal/x/cc.
debug: Resolve cc from file:///D:/MyCoding/Cosos/coinGame/assets/scripts/view/ToastView.ts as cce:/internal/x/cc.
debug: Resolve cc from file:///D:/MyCoding/Cosos/coinGame/assets/scripts/view/ToastView.ts as cce:/internal/x/cc.
debug: Resolve ../frame/Enums from file:///D:/MyCoding/Cosos/coinGame/assets/scripts/view/ToastView.ts as file:///D:/MyCoding/Cosos/coinGame/assets/scripts/frame/Enums.ts.
debug: Resolve file:///D:/ProgramData/cocos/editors/Creator/3.8.0/resources/resources/3d/engine/editor/assets/tools/debug-view-runtime-control.ts from cce:/internal/x/prerequisite-imports as file:///D:/ProgramData/cocos/editors/Creator/3.8.0/resources/resources/3d/engine/editor/assets/tools/debug-view-runtime-control.ts.
debug: Resolve cc from file:///D:/ProgramData/cocos/editors/Creator/3.8.0/resources/resources/3d/engine/editor/assets/tools/debug-view-runtime-control.ts as cce:/internal/x/cc.
debug: Resolve cc from file:///D:/ProgramData/cocos/editors/Creator/3.8.0/resources/resources/3d/engine/editor/assets/tools/debug-view-runtime-control.ts as cce:/internal/x/cc.
debug: Resolve cc from file:///D:/ProgramData/cocos/editors/Creator/3.8.0/resources/resources/3d/engine/editor/assets/tools/debug-view-runtime-control.ts as cce:/internal/x/cc.
debug: Target(preview) ends with cost 306.8910999998916ms.
debug: Pulling asset-db.
debug: Fetch asset-db cost: 1241.1489000001457ms.
debug: Build iteration starts.
Number of accumulated asset changes: 23
Feature changed: false
debug: Target(editor) build started.
debug: Detected change: cce:/internal/x/prerequisite-imports. Last mtime: Thu Jan 01 1970 08:00:26 GMT+0800 (香港标准时间), Current mtime: Thu Jan 01 1970 08:00:29 GMT+0800 (香港标准时间)
debug: Inspect cce:/internal/x/prerequisite-imports
debug: Resolve file:///D:/MyCoding/Cosos/coinGame/assets/scripts/LoadCtrl.ts from cce:/internal/x/prerequisite-imports as file:///D:/MyCoding/Cosos/coinGame/assets/scripts/LoadCtrl.ts.
debug: Resolve file:///D:/MyCoding/Cosos/coinGame/assets/scripts/Main.ts from cce:/internal/x/prerequisite-imports as file:///D:/MyCoding/Cosos/coinGame/assets/scripts/Main.ts.
debug: Resolve file:///D:/MyCoding/Cosos/coinGame/assets/scripts/TimeScale.ts from cce:/internal/x/prerequisite-imports as file:///D:/MyCoding/Cosos/coinGame/assets/scripts/TimeScale.ts.
debug: Resolve file:///D:/MyCoding/Cosos/coinGame/assets/scripts/coin/CoinMgr.ts from cce:/internal/x/prerequisite-imports as file:///D:/MyCoding/Cosos/coinGame/assets/scripts/coin/CoinMgr.ts.
debug: Resolve file:///D:/MyCoding/Cosos/coinGame/assets/scripts/combat/ctrl/ActionConfig.ts from cce:/internal/x/prerequisite-imports as file:///D:/MyCoding/Cosos/coinGame/assets/scripts/combat/ctrl/ActionConfig.ts.
debug: Resolve file:///D:/MyCoding/Cosos/coinGame/assets/scripts/combat/ctrl/CameraCtrl.ts from cce:/internal/x/prerequisite-imports as file:///D:/MyCoding/Cosos/coinGame/assets/scripts/combat/ctrl/CameraCtrl.ts.
debug: Resolve file:///D:/MyCoding/Cosos/coinGame/assets/scripts/combat/ctrl/PlayerCtrl.ts from cce:/internal/x/prerequisite-imports as file:///D:/MyCoding/Cosos/coinGame/assets/scripts/combat/ctrl/PlayerCtrl.ts.
debug: Resolve file:///D:/MyCoding/Cosos/coinGame/assets/scripts/frame/CommonUtils.ts from cce:/internal/x/prerequisite-imports as file:///D:/MyCoding/Cosos/coinGame/assets/scripts/frame/CommonUtils.ts.
debug: Resolve file:///D:/MyCoding/Cosos/coinGame/assets/scripts/frame/Enums.ts from cce:/internal/x/prerequisite-imports as file:///D:/MyCoding/Cosos/coinGame/assets/scripts/frame/Enums.ts.
debug: Resolve file:///D:/MyCoding/Cosos/coinGame/assets/scripts/frame/FrameCore.ts from cce:/internal/x/prerequisite-imports as file:///D:/MyCoding/Cosos/coinGame/assets/scripts/frame/FrameCore.ts.
debug: Resolve file:///D:/MyCoding/Cosos/coinGame/assets/scripts/frame/Globals.ts from cce:/internal/x/prerequisite-imports as file:///D:/MyCoding/Cosos/coinGame/assets/scripts/frame/Globals.ts.
debug: Resolve file:///D:/MyCoding/Cosos/coinGame/assets/scripts/frame/input/InputCtrl.ts from cce:/internal/x/prerequisite-imports as file:///D:/MyCoding/Cosos/coinGame/assets/scripts/frame/input/InputCtrl.ts.
debug: Resolve file:///D:/MyCoding/Cosos/coinGame/assets/scripts/frame/input/JoystickCtrl.ts from cce:/internal/x/prerequisite-imports as file:///D:/MyCoding/Cosos/coinGame/assets/scripts/frame/input/JoystickCtrl.ts.
debug: Resolve file:///D:/MyCoding/Cosos/coinGame/assets/scripts/frame/managers/ResMgr.ts from cce:/internal/x/prerequisite-imports as file:///D:/MyCoding/Cosos/coinGame/assets/scripts/frame/managers/ResMgr.ts.
debug: Resolve file:///D:/MyCoding/Cosos/coinGame/assets/scripts/frame/managers/SoundMgr.ts from cce:/internal/x/prerequisite-imports as file:///D:/MyCoding/Cosos/coinGame/assets/scripts/frame/managers/SoundMgr.ts.
debug: Resolve file:///D:/MyCoding/Cosos/coinGame/assets/scripts/view/BaseView.ts from cce:/internal/x/prerequisite-imports as file:///D:/MyCoding/Cosos/coinGame/assets/scripts/view/BaseView.ts.
debug: Resolve file:///D:/MyCoding/Cosos/coinGame/assets/scripts/view/CoinBarView.ts from cce:/internal/x/prerequisite-imports as file:///D:/MyCoding/Cosos/coinGame/assets/scripts/view/CoinBarView.ts.
debug: Resolve file:///D:/MyCoding/Cosos/coinGame/assets/scripts/view/CoinView.ts from cce:/internal/x/prerequisite-imports as file:///D:/MyCoding/Cosos/coinGame/assets/scripts/view/CoinView.ts.
debug: Resolve file:///D:/MyCoding/Cosos/coinGame/assets/scripts/view/KeyBindingView.ts from cce:/internal/x/prerequisite-imports as file:///D:/MyCoding/Cosos/coinGame/assets/scripts/view/KeyBindingView.ts.
debug: Resolve file:///D:/MyCoding/Cosos/coinGame/assets/scripts/view/KeyConfigView.ts from cce:/internal/x/prerequisite-imports as file:///D:/MyCoding/Cosos/coinGame/assets/scripts/view/KeyConfigView.ts.
debug: Resolve file:///D:/MyCoding/Cosos/coinGame/assets/scripts/view/ToastView.ts from cce:/internal/x/prerequisite-imports as file:///D:/MyCoding/Cosos/coinGame/assets/scripts/view/ToastView.ts.
debug: Resolve file:///D:/ProgramData/cocos/editors/Creator/3.8.0/resources/resources/3d/engine/editor/assets/tools/debug-view-runtime-control.ts from cce:/internal/x/prerequisite-imports as file:///D:/ProgramData/cocos/editors/Creator/3.8.0/resources/resources/3d/engine/editor/assets/tools/debug-view-runtime-control.ts.
debug: Target(editor) ends with cost 125.11009999993257ms.
debug: Target(preview) build started.
debug: Detected change: cce:/internal/x/prerequisite-imports. Last mtime: Thu Jan 01 1970 08:00:27 GMT+0800 (香港标准时间), Current mtime: Thu Jan 01 1970 08:00:29 GMT+0800 (香港标准时间)
debug: Inspect cce:/internal/x/prerequisite-imports
debug: Resolve file:///D:/MyCoding/Cosos/coinGame/assets/scripts/LoadCtrl.ts from cce:/internal/x/prerequisite-imports as file:///D:/MyCoding/Cosos/coinGame/assets/scripts/LoadCtrl.ts.
debug: Resolve file:///D:/MyCoding/Cosos/coinGame/assets/scripts/Main.ts from cce:/internal/x/prerequisite-imports as file:///D:/MyCoding/Cosos/coinGame/assets/scripts/Main.ts.
debug: Resolve file:///D:/MyCoding/Cosos/coinGame/assets/scripts/TimeScale.ts from cce:/internal/x/prerequisite-imports as file:///D:/MyCoding/Cosos/coinGame/assets/scripts/TimeScale.ts.
debug: Resolve file:///D:/MyCoding/Cosos/coinGame/assets/scripts/coin/CoinMgr.ts from cce:/internal/x/prerequisite-imports as file:///D:/MyCoding/Cosos/coinGame/assets/scripts/coin/CoinMgr.ts.
debug: Resolve file:///D:/MyCoding/Cosos/coinGame/assets/scripts/combat/ctrl/ActionConfig.ts from cce:/internal/x/prerequisite-imports as file:///D:/MyCoding/Cosos/coinGame/assets/scripts/combat/ctrl/ActionConfig.ts.
debug: Resolve file:///D:/MyCoding/Cosos/coinGame/assets/scripts/combat/ctrl/CameraCtrl.ts from cce:/internal/x/prerequisite-imports as file:///D:/MyCoding/Cosos/coinGame/assets/scripts/combat/ctrl/CameraCtrl.ts.
debug: Resolve file:///D:/MyCoding/Cosos/coinGame/assets/scripts/combat/ctrl/PlayerCtrl.ts from cce:/internal/x/prerequisite-imports as file:///D:/MyCoding/Cosos/coinGame/assets/scripts/combat/ctrl/PlayerCtrl.ts.
debug: Resolve file:///D:/MyCoding/Cosos/coinGame/assets/scripts/frame/CommonUtils.ts from cce:/internal/x/prerequisite-imports as file:///D:/MyCoding/Cosos/coinGame/assets/scripts/frame/CommonUtils.ts.
debug: Resolve file:///D:/MyCoding/Cosos/coinGame/assets/scripts/frame/Enums.ts from cce:/internal/x/prerequisite-imports as file:///D:/MyCoding/Cosos/coinGame/assets/scripts/frame/Enums.ts.
debug: Resolve file:///D:/MyCoding/Cosos/coinGame/assets/scripts/frame/FrameCore.ts from cce:/internal/x/prerequisite-imports as file:///D:/MyCoding/Cosos/coinGame/assets/scripts/frame/FrameCore.ts.
debug: Resolve file:///D:/MyCoding/Cosos/coinGame/assets/scripts/frame/Globals.ts from cce:/internal/x/prerequisite-imports as file:///D:/MyCoding/Cosos/coinGame/assets/scripts/frame/Globals.ts.
debug: Resolve file:///D:/MyCoding/Cosos/coinGame/assets/scripts/frame/input/InputCtrl.ts from cce:/internal/x/prerequisite-imports as file:///D:/MyCoding/Cosos/coinGame/assets/scripts/frame/input/InputCtrl.ts.
debug: Resolve file:///D:/MyCoding/Cosos/coinGame/assets/scripts/frame/input/JoystickCtrl.ts from cce:/internal/x/prerequisite-imports as file:///D:/MyCoding/Cosos/coinGame/assets/scripts/frame/input/JoystickCtrl.ts.
debug: Resolve file:///D:/MyCoding/Cosos/coinGame/assets/scripts/frame/managers/ResMgr.ts from cce:/internal/x/prerequisite-imports as file:///D:/MyCoding/Cosos/coinGame/assets/scripts/frame/managers/ResMgr.ts.
debug: Resolve file:///D:/MyCoding/Cosos/coinGame/assets/scripts/frame/managers/SoundMgr.ts from cce:/internal/x/prerequisite-imports as file:///D:/MyCoding/Cosos/coinGame/assets/scripts/frame/managers/SoundMgr.ts.
debug: Resolve file:///D:/MyCoding/Cosos/coinGame/assets/scripts/view/BaseView.ts from cce:/internal/x/prerequisite-imports as file:///D:/MyCoding/Cosos/coinGame/assets/scripts/view/BaseView.ts.
debug: Resolve file:///D:/MyCoding/Cosos/coinGame/assets/scripts/view/CoinBarView.ts from cce:/internal/x/prerequisite-imports as file:///D:/MyCoding/Cosos/coinGame/assets/scripts/view/CoinBarView.ts.
debug: Resolve file:///D:/MyCoding/Cosos/coinGame/assets/scripts/view/CoinView.ts from cce:/internal/x/prerequisite-imports as file:///D:/MyCoding/Cosos/coinGame/assets/scripts/view/CoinView.ts.
debug: Resolve file:///D:/MyCoding/Cosos/coinGame/assets/scripts/view/KeyBindingView.ts from cce:/internal/x/prerequisite-imports as file:///D:/MyCoding/Cosos/coinGame/assets/scripts/view/KeyBindingView.ts.
debug: Resolve file:///D:/MyCoding/Cosos/coinGame/assets/scripts/view/KeyConfigView.ts from cce:/internal/x/prerequisite-imports as file:///D:/MyCoding/Cosos/coinGame/assets/scripts/view/KeyConfigView.ts.
debug: Resolve file:///D:/MyCoding/Cosos/coinGame/assets/scripts/view/ToastView.ts from cce:/internal/x/prerequisite-imports as file:///D:/MyCoding/Cosos/coinGame/assets/scripts/view/ToastView.ts.
debug: Resolve file:///D:/ProgramData/cocos/editors/Creator/3.8.0/resources/resources/3d/engine/editor/assets/tools/debug-view-runtime-control.ts from cce:/internal/x/prerequisite-imports as file:///D:/ProgramData/cocos/editors/Creator/3.8.0/resources/resources/3d/engine/editor/assets/tools/debug-view-runtime-control.ts.
debug: Target(preview) ends with cost 129.5431000001263ms.
